C51 COMPILER V9.02   SPI                                                                   01/05/2018 20:43:11 PAGE 1   


C51 COMPILER V9.02, COMPILATION OF MODULE SPI
OBJECT MODULE PLACED IN SPI.obj
COMPILER INVOKED BY: C:\Keil\C51\BIN\C51.EXE source\SPI.c BROWSE DEBUG OBJECTEXTEND PRINT(.\SPI.lst) OBJECT(SPI.obj)

line level    source

   1          #include"./include/SPI.h"
   2          #include"./include/config.h"
   3          
   4          
   5          /*
   6          *1.函数名：SPI_Send_Byte1
   7          *2.描述：选中MCP2515_1，向SPI总线发送一字节数据
   8          *3.输入：unsigned char data
   9          *4.输出：无
  10          *5.说明：利用SPI协议实现发送数据，主机产生一个上升沿让从机锁存数据
  11          *  先暂时写成只针对MCP2515_1
  12          */
  13          static void SPI_Send_Byte1(unsigned char Data)
  14          {
  15   1               int i;  
  16   1               for(i=0;i<8;++i)
  17   1               {
  18   2                       SCK1 = 0;
  19   2                       if(Data & 0x80)
  20   2                         SI1 = 1;
  21   2                       else
  22   2                         SI1 = 0;              
  23   2                       SCK1 = 1;
  24   2                       Data<<=1;
  25   2               }
  26   1      }
  27          
  28          /*
  29          *1.函数名：SPI_Send_Byte1
  30          *2.描述：向SPI总线发送一字节数据
  31          *3.输入：unsigned char data
  32          *4.输出：无
  33          *5.说明：利用SPI协议实现发送数据，主机产生一个上升沿让从机锁存数据
  34          *  先暂时写成只针对MCP2515_2
  35          */
  36          static void SPI_Send_Byte2(unsigned char Data)
  37          {
  38   1               int i;  
  39   1               for(i=0;i<8;++i)
  40   1               {
  41   2                       SCK2 = 0;
  42   2                       if(Data & 0x80)
  43   2                         SI2 = 1;
  44   2                       else
  45   2                         SI2 = 0;              
  46   2                       SCK2 = 1;
  47   2                       Data<<=1;
  48   2               }
  49   1      }
  50          
  51          /*
  52          *1.函数名：SPI_Recv_Byte
  53          *2.描述：从SPI总线接收一字节数据
  54          *3.输入：无
  55          *4.输出：data
C51 COMPILER V9.02   SPI                                                                   01/05/2018 20:43:11 PAGE 2   

  56          *5.说明：利用SPI协议实现数据接收，主机产生一个下降沿让从机发出数据。
  57          *  先暂时写成只针对MCP2515_1 
  58          */
  59          static unsigned char SPI_Recv_Byte1()
  60          {
  61   1          unsigned char Data;
  62   1              int i;
  63   1              SCK1 = 1;
  64   1              for(i=0;i<8;++i)
  65   1              {
  66   2                  SCK1 = 0;
  67   2                      Data<<=1;
  68   2                      Data |= SO1;
  69   2                      SCK1 = 1;               
  70   2              }
  71   1              return Data;
  72   1      }
  73          
  74          /*
  75          *1.函数名：SPI_Recv_Byte
  76          *2.描述：从SPI总线接收一字节数据
  77          *3.输入：无
  78          *4.输出：data
  79          *5.说明：利用SPI协议实现数据接收，主机产生一个下降沿让从机发出数据。
  80          *  先暂时写成只针对MCP2515_2 
  81          */
  82          static unsigned char SPI_Recv_Byte2()
  83          {
  84   1          unsigned char Data;
  85   1              int i;
  86   1              SCK2 = 1;
  87   1              for(i=0;i<8;++i)
  88   1              {
  89   2                  SCK2 = 0;
  90   2                      Data<<=1;
  91   2                      Data |= SO2;
  92   2                      SCK2 = 1;               
  93   2              }
  94   1              return Data;
  95   1      }
  96          
  97          /*
  98          1.函数名：SPI_Send_Byte
  99          2.描述：选中某个MCP2515芯片，向SPI总线发送一字节数据
 100          3.输入：unsigned char data,unsigned char chipnum
 101          4.输出：无
 102          5.说明：利用SPI协议实现发送数据，主机产生一个上升沿让从机锁存数据
 103          */
 104          void SPI_Send_Byte(unsigned char Data,unsigned char chipnum)
 105          {
 106   1          if(chipnum==1)
 107   1                 SPI_Send_Byte1(Data);
 108   1          else if(chipnum==2)
 109   1                 SPI_Send_Byte2(Data);
 110   1      }
 111          
 112          /*
 113          1.函数名：SPI_Recv_Byte
 114          2.描述：选中某个MCP2515芯片，从SPI总线接收一字节数据
 115          3.输入：选中的芯片编号num
 116          4.输出：data
 117          5.说明：利用SPI协议实现数据接收，主机产生一个下降沿让从机发出数据。
C51 COMPILER V9.02   SPI                                                                   01/05/2018 20:43:11 PAGE 3   

 118          */
 119          unsigned char SPI_Recv_Byte(unsigned char chipnum)
 120          {
 121   1          unsigned char Data;
 122   1          if(chipnum==1)
 123   1                Data = SPI_Recv_Byte1();
 124   1          else if(chipnum==2)
 125   1                Data = SPI_Recv_Byte2();
 126   1              return Data;
 127   1      }
 128          
 129          
 130          


MODULE INFORMATION:   STATIC OVERLAYABLE
   CODE SIZE        =    162    ----
   CONSTANT SIZE    =   ----    ----
   XDATA SIZE       =   ----    ----
   PDATA SIZE       =   ----    ----
   DATA SIZE        =   ----    ----
   IDATA SIZE       =   ----    ----
   BIT SIZE         =   ----    ----
END OF MODULE INFORMATION.


C51 COMPILATION COMPLETE.  0 WARNING(S),  0 ERROR(S)
